2023-01-25 19:26:16,855 [INFO] Activator:179 - 


2023-01-25 19:26:16,856 [INFO] Activator:180 - !SESSION log4j initialized
2023-01-25 19:26:44,301 [ERROR] LogOutputStream:74 - [STDERR_REDIRECT] SLF4J: Failed to load class "org.slf4j.impl.StaticLoggerBinder".
2023-01-25 19:26:44,302 [ERROR] LogOutputStream:74 - [STDERR_REDIRECT] SLF4J: Defaulting to no-operation (NOP) logger implementation
2023-01-25 19:26:44,304 [ERROR] LogOutputStream:74 - [STDERR_REDIRECT] SLF4J: See http://www.slf4j.org/codes.html#StaticLoggerBinder for further details.
2023-05-26 14:15:58,246 [INFO] Activator:179 - 


2023-05-26 14:15:58,249 [INFO] Activator:180 - !SESSION log4j initialized
2023-05-26 14:16:27,353 [ERROR] LogOutputStream:74 - [STDERR_REDIRECT] SLF4J: Failed to load class "org.slf4j.impl.StaticLoggerBinder".
2023-05-26 14:16:27,353 [ERROR] LogOutputStream:74 - [STDERR_REDIRECT] SLF4J: Defaulting to no-operation (NOP) logger implementation
2023-05-26 14:16:27,354 [ERROR] LogOutputStream:74 - [STDERR_REDIRECT] SLF4J: See http://www.slf4j.org/codes.html#StaticLoggerBinder for further details.
2023-05-26 14:16:40,313 [INFO] McuFinderGlobals:52 - Set McuFinder mode to 2 (CubeIDE integrated)
2023-05-26 14:16:42,617 [INFO] ApplicationProperties:181 - Using Application install path: C:\ST\STM32CubeIDE_1.11.0\STM32CubeIDE\plugins\com.st.stm32cube.common.mx_6.7.0.202211181646
2023-05-26 14:16:42,629 [INFO] DbMcusXml:77 - Set database path to: C:\ST\STM32CubeIDE_1.11.0\STM32CubeIDE\plugins\com.st.stm32cube.common.mx_6.7.0.202211181646\\db\/mcu/
2023-05-26 14:16:42,630 [INFO] ApiDb:273 - Set plugin database path to: C:\ST\STM32CubeIDE_1.11.0\STM32CubeIDE\plugins\com.st.stm32cube.common.mx_6.7.0.202211181646\\db\/plugins/boardmanager/
2023-05-26 14:16:42,632 [WARN] ApiDb:258 - Overriding images path with different value:  => C:\ST\STM32CubeIDE_1.11.0\STM32CubeIDE\plugins\com.st.stm32cube.common.mx_6.7.0.202211181646\\db\/plugins/mcufinder/images/
2023-05-26 14:16:42,653 [INFO] ApiDb:249 - Set database path to: C:\Users\jules\.stmcufinder\plugins\mcufinder//mcu/
2023-05-26 14:16:42,655 [INFO] DbMcusAds:124 - Set database path to: C:\Users\jules\.stmcufinder\plugins\mcufinder//mcu/
2023-05-26 14:16:42,665 [INFO] CrossReferenceDbSqlite:202 - Set database path to: C:\Users\jules\.stmcufinder\plugins\mcufinder//mcu/cs/
2023-05-26 14:16:42,732 [INFO] RulesReader:61 - Compatibility file has been processed (283 Rules)
2023-05-26 14:16:42,786 [INFO] DbMcusXml:77 - Set database path to: C:\ST\STM32CubeIDE_1.11.0\STM32CubeIDE\plugins\com.st.stm32cube.common.mx_6.7.0.202211181646\\db\/mcu/
2023-05-26 14:16:42,786 [INFO] ApiDb:273 - Set plugin database path to: C:\ST\STM32CubeIDE_1.11.0\STM32CubeIDE\plugins\com.st.stm32cube.common.mx_6.7.0.202211181646\\db\/plugins/boardmanager/
2023-05-26 14:16:42,786 [INFO] ApiDb:260 - Set plugin images path to: C:\ST\STM32CubeIDE_1.11.0\STM32CubeIDE\plugins\com.st.stm32cube.common.mx_6.7.0.202211181646\\db\/plugins/mcufinder/images/
2023-05-26 14:16:42,786 [WARN] DbFile:40 - Overriding database path with different value: C:\Users\jules\.stmcufinder\plugins\mcufinder/ => C:\Users\jules\.stmcufinder\plugins\mcufinder
2023-05-26 14:16:42,787 [INFO] ApiDb:249 - Set database path to: C:\Users\jules\.stmcufinder\plugins\mcufinder//mcu/
2023-05-26 14:16:42,787 [WARN] DbFile:40 - Overriding database path with different value: C:\Users\jules\.stmcufinder\plugins\mcufinder/ => C:\Users\jules\.stmcufinder\plugins\mcufinder
2023-05-26 14:16:42,787 [INFO] DbMcusAds:124 - Set database path to: C:\Users\jules\.stmcufinder\plugins\mcufinder//mcu/
2023-05-26 14:16:42,787 [WARN] DbFile:40 - Overriding database path with different value: C:\Users\jules\.stmcufinder\plugins\mcufinder/ => C:\Users\jules\.stmcufinder\plugins\mcufinder
2023-05-26 14:16:42,787 [WARN] DbFile:40 - Overriding database path with different value: C:\Users\jules\.stmcufinder\plugins\mcufinder/ => C:\Users\jules\.stmcufinder\plugins\mcufinder
2023-05-26 14:16:42,788 [INFO] CrossReferenceDbSqlite:202 - Set database path to: C:\Users\jules\.stmcufinder\plugins\mcufinder//mcu/cs/
2023-05-26 14:16:42,841 [INFO] MainPanel:252 - HeapMemory: 295698432
2023-05-26 14:16:42,904 [INFO] DbMcusXml:77 - Set database path to: C:\ST\STM32CubeIDE_1.11.0\STM32CubeIDE\plugins\com.st.stm32cube.common.mx_6.7.0.202211181646\\db\/mcu/
2023-05-26 14:16:42,904 [INFO] ApiDb:273 - Set plugin database path to: C:\ST\STM32CubeIDE_1.11.0\STM32CubeIDE\plugins\com.st.stm32cube.common.mx_6.7.0.202211181646\\db\/plugins/boardmanager/
2023-05-26 14:16:42,904 [INFO] ApiDb:260 - Set plugin images path to: C:\ST\STM32CubeIDE_1.11.0\STM32CubeIDE\plugins\com.st.stm32cube.common.mx_6.7.0.202211181646\\db\/plugins/mcufinder/images/
2023-05-26 14:16:42,904 [WARN] DbFile:40 - Overriding database path with different value: C:\Users\jules\.stmcufinder\plugins\mcufinder/ => C:\Users\jules\.stmcufinder\plugins\mcufinder
2023-05-26 14:16:42,905 [INFO] ApiDb:249 - Set database path to: C:\Users\jules\.stmcufinder\plugins\mcufinder//mcu/
2023-05-26 14:16:42,906 [WARN] DbFile:40 - Overriding database path with different value: C:\Users\jules\.stmcufinder\plugins\mcufinder/ => C:\Users\jules\.stmcufinder\plugins\mcufinder
2023-05-26 14:16:42,906 [INFO] DbMcusAds:124 - Set database path to: C:\Users\jules\.stmcufinder\plugins\mcufinder//mcu/
2023-05-26 14:16:42,906 [WARN] DbFile:40 - Overriding database path with different value: C:\Users\jules\.stmcufinder\plugins\mcufinder/ => C:\Users\jules\.stmcufinder\plugins\mcufinder
2023-05-26 14:16:42,906 [WARN] DbFile:40 - Overriding database path with different value: C:\Users\jules\.stmcufinder\plugins\mcufinder/ => C:\Users\jules\.stmcufinder\plugins\mcufinder
2023-05-26 14:16:42,906 [INFO] CrossReferenceDbSqlite:202 - Set database path to: C:\Users\jules\.stmcufinder\plugins\mcufinder//mcu/cs/
2023-05-26 14:16:42,918 [INFO] ApplicationProperties:181 - Using Application install path: C:\ST\STM32CubeIDE_1.11.0\STM32CubeIDE\plugins\com.st.stm32cube.common.mx_6.7.0.202211181646
2023-05-26 14:16:42,919 [INFO] PluginManage:193 - Search for loadable plugins [exclusion list=, ]
2023-05-26 14:16:42,920 [INFO] PluginManage:307 - Check plugin analytics
2023-05-26 14:16:47,978 [INFO] AnalyticsPlugin:262 - Accepted Software Licenses: 
2023-05-26 14:16:47,978 [INFO] AnalyticsPlugin:264 - Accepted CMSIS Pack Licenses: 
2023-05-26 14:16:47,978 [INFO] AnalyticsPlugin:266 - Accepted Firmware Licenses: 
2023-05-26 14:16:47,988 [INFO] PluginManage:356 - Loaded plugin analytics (category:tool,tabindex:-1)
2023-05-26 14:16:47,988 [INFO] PluginManage:307 - Check plugin cadmodel
2023-05-26 14:16:47,997 [INFO] CADModel:104 - Init CAD model plugin
2023-05-26 14:16:47,998 [INFO] PluginManage:356 - Loaded plugin cadmodel (category:power,tabindex:5)
2023-05-26 14:16:47,998 [INFO] PluginManage:307 - Check plugin clock
2023-05-26 14:16:48,010 [INFO] PluginManage:356 - Loaded plugin clock (category:base,tabindex:2)
2023-05-26 14:16:48,011 [INFO] PluginManage:307 - Check plugin ddr
2023-05-26 14:16:48,013 [INFO] PluginManage:356 - Loaded plugin ddr (category:tool,tabindex:6)
2023-05-26 14:16:48,013 [INFO] PluginManage:307 - Check plugin filemanager
2023-05-26 14:16:48,115 [INFO] PluginManage:356 - Loaded plugin filemanager (category:base,tabindex:10)
2023-05-26 14:16:48,115 [INFO] PluginManage:307 - Check plugin ipmanager
2023-05-26 14:16:48,120 [INFO] PluginManage:356 - Loaded plugin ipmanager (category:base,tabindex:5)
2023-05-26 14:16:48,120 [INFO] PluginManage:307 - Check plugin lpbam
2023-05-26 14:16:48,138 [INFO] PluginManage:356 - Loaded plugin lpbam (category:base,tabindex:0)
2023-05-26 14:16:48,140 [INFO] PluginManage:307 - Check plugin pinoutandconfiguration
2023-05-26 14:16:48,149 [INFO] PluginManage:356 - Loaded plugin pinoutandconfiguration (category:base,tabindex:1)
2023-05-26 14:16:48,150 [INFO] PluginManage:307 - Check plugin pinoutconfig
2023-05-26 14:16:48,177 [INFO] PluginManage:356 - Loaded plugin pinoutconfig (category:base,tabindex:0)
2023-05-26 14:16:48,177 [INFO] PluginManage:307 - Check plugin power
2023-05-26 14:16:48,189 [INFO] PluginManage:356 - Loaded plugin power (category:power,tabindex:4)
2023-05-26 14:16:48,190 [INFO] PluginManage:307 - Check plugin projectmanager
2023-05-26 14:16:48,201 [INFO] PluginManage:356 - Loaded plugin projectmanager (category:projectmanager,tabindex:3)
2023-05-26 14:16:48,201 [INFO] PluginManage:307 - Check plugin thirdparty
2023-05-26 14:16:48,365 [INFO] PluginManage:356 - Loaded plugin thirdparty (category:base,tabindex:-1)
2023-05-26 14:16:48,365 [WARN] IntegrityCheckThread:82 - waiting for thirdparty lock release [integrity check]
2023-05-26 14:16:48,366 [INFO] PluginManage:307 - Check plugin tools
2023-05-26 14:16:48,366 [INFO] IntegrityCheckThread:84 - entering critical section [integrity check]
2023-05-26 14:16:48,368 [INFO] ThirdPartyUpdaterWithRetryManager:70 - Updater plugin not ready yet. [1/15]
2023-05-26 14:16:48,385 [INFO] PluginManage:356 - Loaded plugin tools (category:base,tabindex:7)
2023-05-26 14:16:48,385 [INFO] PluginManage:307 - Check plugin tutovideos
2023-05-26 14:16:48,550 [INFO] PluginManage:356 - Loaded plugin tutovideos (category:base,tabindex:-1)
2023-05-26 14:16:48,550 [INFO] PluginManage:307 - Check plugin updater
2023-05-26 14:16:48,561 [INFO] PluginManage:356 - Loaded plugin updater (category:base,tabindex:12)
2023-05-26 14:16:48,562 [INFO] PluginManage:280 - PluginManage : Loaded plugins [15]
2023-05-26 14:16:48,745 [INFO] PinOutPanel:1477 - setPackage(No Configuration,No Configuration)
2023-05-26 14:16:48,787 [INFO] CADModel:164 - CPN selected for project level
2023-05-26 14:16:48,787 [INFO] CADModel:113 - Register for checkConnection events
2023-05-26 14:16:48,809 [INFO] IPUIPlugin:79 - create IPUIPlugin
2023-05-26 14:16:48,809 [INFO] PluginManager:219 - loadIPPluginJar : add adc
2023-05-26 14:16:48,830 [INFO] IPUIPlugin:79 - create IPUIPlugin
2023-05-26 14:16:48,830 [INFO] PluginManager:219 - loadIPPluginJar : add aes
2023-05-26 14:16:48,857 [INFO] IPUIPlugin:79 - create IPUIPlugin
2023-05-26 14:16:48,857 [INFO] PluginManager:219 - loadIPPluginJar : add can
2023-05-26 14:16:48,872 [INFO] IPUIPlugin:79 - create IPUIPlugin
2023-05-26 14:16:48,872 [INFO] PluginManager:219 - loadIPPluginJar : add comp
2023-05-26 14:16:48,890 [INFO] IPUIPlugin:79 - create IPUIPlugin
2023-05-26 14:16:48,891 [INFO] PluginManager:219 - loadIPPluginJar : add cryp
2023-05-26 14:16:48,906 [INFO] IPUIPlugin:79 - create IPUIPlugin
2023-05-26 14:16:48,908 [INFO] PluginManager:219 - loadIPPluginJar : add dfsdm
2023-05-26 14:16:48,917 [INFO] IPUIPlugin:79 - create IPUIPlugin
2023-05-26 14:16:48,917 [INFO] PluginManager:219 - loadIPPluginJar : add dma
2023-05-26 14:16:48,940 [INFO] IPUIPlugin:79 - create IPUIPlugin
2023-05-26 14:16:48,941 [INFO] PluginManager:219 - loadIPPluginJar : add dma3
2023-05-26 14:16:48,951 [INFO] IPUIPlugin:79 - create IPUIPlugin
2023-05-26 14:16:48,951 [INFO] PluginManager:219 - loadIPPluginJar : add fatfs
2023-05-26 14:16:48,978 [INFO] IPUIPlugin:79 - create IPUIPlugin
2023-05-26 14:16:48,978 [INFO] PluginManager:219 - loadIPPluginJar : add fmc
2023-05-26 14:16:48,988 [INFO] IPUIPlugin:79 - create IPUIPlugin
2023-05-26 14:16:48,988 [INFO] PluginManager:219 - loadIPPluginJar : add freertos
2023-05-26 14:16:49,000 [INFO] IPUIPlugin:79 - create IPUIPlugin
2023-05-26 14:16:49,000 [INFO] PluginManager:219 - loadIPPluginJar : add genericplugin
2023-05-26 14:16:49,045 [INFO] IPUIPlugin:79 - create IPUIPlugin
2023-05-26 14:16:49,046 [INFO] PluginManager:219 - loadIPPluginJar : add gfxmmu
2023-05-26 14:16:49,113 [INFO] IPUIPlugin:79 - create IPUIPlugin
2023-05-26 14:16:49,113 [INFO] PluginManager:219 - loadIPPluginJar : add gic
2023-05-26 14:16:49,122 [INFO] IPUIPlugin:79 - create IPUIPlugin
2023-05-26 14:16:49,122 [INFO] PluginManager:219 - loadIPPluginJar : add gpio
2023-05-26 14:16:49,177 [INFO] IPUIPlugin:79 - create IPUIPlugin
2023-05-26 14:16:49,177 [INFO] PluginManager:219 - loadIPPluginJar : add gtzc
2023-05-26 14:16:49,195 [INFO] IPUIPlugin:79 - create IPUIPlugin
2023-05-26 14:16:49,195 [INFO] PluginManager:219 - loadIPPluginJar : add hash
2023-05-26 14:16:49,229 [INFO] IPUIPlugin:79 - create IPUIPlugin
2023-05-26 14:16:49,229 [INFO] PluginManager:219 - loadIPPluginJar : add i2c
2023-05-26 14:16:49,251 [INFO] IPUIPlugin:79 - create IPUIPlugin
2023-05-26 14:16:49,252 [INFO] PluginManager:219 - loadIPPluginJar : add i2s
2023-05-26 14:16:49,318 [INFO] IPUIPlugin:79 - create IPUIPlugin
2023-05-26 14:16:49,318 [INFO] PluginManager:219 - loadIPPluginJar : add ipddr
2023-05-26 14:16:49,375 [INFO] IPUIPlugin:79 - create IPUIPlugin
2023-05-26 14:16:49,375 [INFO] PluginManager:219 - loadIPPluginJar : add linkedlist
2023-05-26 14:16:49,398 [INFO] IPUIPlugin:79 - create IPUIPlugin
2023-05-26 14:16:49,398 [INFO] PluginManager:219 - loadIPPluginJar : add lorawan
2023-05-26 14:16:49,420 [INFO] IPUIPlugin:79 - create IPUIPlugin
2023-05-26 14:16:49,420 [INFO] PluginManager:219 - loadIPPluginJar : add ltdc
2023-05-26 14:16:49,429 [INFO] IPUIPlugin:79 - create IPUIPlugin
2023-05-26 14:16:49,429 [INFO] PluginManager:219 - loadIPPluginJar : add mdma
2023-05-26 14:16:49,439 [INFO] IPUIPlugin:79 - create IPUIPlugin
2023-05-26 14:16:49,439 [INFO] PluginManager:219 - loadIPPluginJar : add nvic
2023-05-26 14:16:49,460 [INFO] IPUIPlugin:79 - create IPUIPlugin
2023-05-26 14:16:49,460 [INFO] PluginManager:219 - loadIPPluginJar : add opamp
2023-05-26 14:16:49,498 [INFO] IPUIPlugin:79 - create IPUIPlugin
2023-05-26 14:16:49,498 [INFO] PluginManager:219 - loadIPPluginJar : add openamp
2023-05-26 14:16:49,526 [INFO] IPUIPlugin:79 - create IPUIPlugin
2023-05-26 14:16:49,527 [INFO] PluginManager:219 - loadIPPluginJar : add pdm2pcm
2023-05-26 14:16:49,538 [INFO] IPUIPlugin:79 - create IPUIPlugin
2023-05-26 14:16:49,541 [INFO] PluginManager:219 - loadIPPluginJar : add plateformsettings
2023-05-26 14:16:49,560 [INFO] IPUIPlugin:79 - create IPUIPlugin
2023-05-26 14:16:49,561 [INFO] PluginManager:219 - loadIPPluginJar : add quadspi
2023-05-26 14:16:49,573 [INFO] IPUIPlugin:79 - create IPUIPlugin
2023-05-26 14:16:49,574 [INFO] PluginManager:219 - loadIPPluginJar : add resmgrutility
2023-05-26 14:16:49,622 [INFO] IPUIPlugin:79 - create IPUIPlugin
2023-05-26 14:16:49,622 [INFO] PluginManager:219 - loadIPPluginJar : add sai
2023-05-26 14:16:49,649 [INFO] IPUIPlugin:79 - create IPUIPlugin
2023-05-26 14:16:49,649 [INFO] PluginManager:219 - loadIPPluginJar : add spi
2023-05-26 14:16:49,693 [INFO] IPUIPlugin:79 - create IPUIPlugin
2023-05-26 14:16:49,693 [INFO] PluginManager:219 - loadIPPluginJar : add stm32_wpan
2023-05-26 14:16:49,710 [INFO] IPUIPlugin:79 - create IPUIPlugin
2023-05-26 14:16:49,710 [INFO] PluginManager:219 - loadIPPluginJar : add tim
2023-05-26 14:16:49,743 [INFO] IPUIPlugin:79 - create IPUIPlugin
2023-05-26 14:16:49,743 [INFO] PluginManager:219 - loadIPPluginJar : add touchsensing
2023-05-26 14:16:49,756 [INFO] IPUIPlugin:79 - create IPUIPlugin
2023-05-26 14:16:49,756 [INFO] PluginManager:219 - loadIPPluginJar : add tracer_emb
2023-05-26 14:16:49,769 [INFO] IPUIPlugin:79 - create IPUIPlugin
2023-05-26 14:16:49,769 [INFO] PluginManager:219 - loadIPPluginJar : add ts
2023-05-26 14:16:49,779 [INFO] IPUIPlugin:79 - create IPUIPlugin
2023-05-26 14:16:49,780 [INFO] PluginManager:219 - loadIPPluginJar : add tsc
2023-05-26 14:16:49,790 [INFO] IPUIPlugin:79 - create IPUIPlugin
2023-05-26 14:16:49,790 [INFO] PluginManager:219 - loadIPPluginJar : add ucpd
2023-05-26 14:16:49,813 [INFO] IPUIPlugin:79 - create IPUIPlugin
2023-05-26 14:16:49,813 [INFO] PluginManager:219 - loadIPPluginJar : add usart
2023-05-26 14:16:49,834 [INFO] IPUIPlugin:79 - create IPUIPlugin
2023-05-26 14:16:49,835 [INFO] PluginManager:219 - loadIPPluginJar : add usbx
2023-05-26 14:16:49,939 [INFO] CADModel:164 - CPN selected for project level
2023-05-26 14:16:49,939 [INFO] CADModel:113 - Register for checkConnection events
2023-05-26 14:16:49,939 [FATAL] Updater:308 - Updater called before beeing initialized
2023-05-26 14:16:49,939 [ERROR] CADModel:124 - Updater not yet initialized, retry later 
2023-05-26 14:16:50,045 [INFO] CADModel:164 - CPN selected for project level
2023-05-26 14:16:50,045 [INFO] CADModel:113 - Register for checkConnection events
2023-05-26 14:16:50,045 [FATAL] Updater:308 - Updater called before beeing initialized
2023-05-26 14:16:50,045 [ERROR] CADModel:124 - Updater not yet initialized, retry later 
2023-05-26 14:16:50,048 [FATAL] Updater:308 - Updater called before beeing initialized
2023-05-26 14:16:50,120 [FATAL] Updater:308 - Updater called before beeing initialized
2023-05-26 14:16:50,129 [INFO] DbMcusAds:52 - JSON generation date=Tue Mar 07 09:50:54 CET 2023 (1678179054945)
2023-05-26 14:16:50,130 [FATAL] Updater:308 - Updater called before beeing initialized
2023-05-26 14:16:50,181 [WARN] DetailPanel:344 - Failed to get advertising image, set to default
2023-05-26 14:16:50,258 [FATAL] Updater:308 - Updater called before beeing initialized
2023-05-26 14:16:50,260 [FATAL] Updater:308 - Updater called before beeing initialized
2023-05-26 14:16:50,261 [FATAL] Updater:308 - Updater called before beeing initialized
2023-05-26 14:16:50,261 [WARN] DetailPanel:344 - Failed to get advertising image, set to default
2023-05-26 14:16:50,261 [FATAL] Updater:308 - Updater called before beeing initialized
2023-05-26 14:16:50,326 [ERROR] Updater:1120 - MainUpdater not yet initialized. External WinMGr cannot be set.
2023-05-26 14:16:50,335 [INFO] Updater:1056 - Updater Version found : 6.7.0
2023-05-26 14:16:50,353 [INFO] ApplicationProperties:181 - Using Application install path: C:\ST\STM32CubeIDE_1.11.0\STM32CubeIDE\plugins\com.st.stm32cube.common.mx_6.7.0.202211181646
2023-05-26 14:16:50,648 [INFO] MainUpdater:2800 - connection check result : 10
2023-05-26 14:16:50,648 [INFO] MainUpdater:282 - Updater Check For Update Now.
2023-05-26 14:16:50,649 [INFO] MicroXplorer:481 - Change Database Version : DB.6.0.70
2023-05-26 14:16:50,801 [INFO] CheckServerUpdateThread:119 - End of CheckServer Thread
2023-05-26 14:16:50,872 [INFO] MainUpdater:2800 - connection check result : 10
2023-05-26 14:16:50,878 [INFO] MainUpdater:2800 - connection check result : 10
2023-05-26 14:16:50,987 [INFO] MicroXplorer:451 - Change Database Path : 
2023-05-26 14:16:50,987 [INFO] MicroXplorer:481 - Change Database Version : DB.6.0.70
2023-05-26 14:16:50,987 [WARN] ThirdParty:845 - waiting for thirdparty lock release [close project]
2023-05-26 14:16:51,537 [WARN] PackLoader:242 - Cannot read IP mode file for STMicroelectronics.X-CUBE-GNSS1.6.0.0
2023-05-26 14:16:51,574 [WARN] PackLoader:242 - Cannot read IP mode file for STMicroelectronics.X-CUBE-AZRTOS-F4.1.1.0
2023-05-26 14:16:51,592 [WARN] PackLoader:242 - Cannot read IP mode file for STMicroelectronics.X-CUBE-SMBUS.2.1.0
2023-05-26 14:16:51,621 [WARN] PackLoader:242 - Cannot read IP mode file for STMicroelectronics.X-CUBE-AZRTOS-F7.1.1.0
2023-05-26 14:16:51,688 [WARN] PackLoader:242 - Cannot read IP mode file for STMicroelectronics.X-CUBE-MEMS1.9.6.0
2023-05-26 14:16:51,862 [ERROR] RealEvaluatedCondition:430 - Found unsupported composite condition: GROUP='STM32_MetaDataManager' CLASS='Data Exchange'
2023-05-26 14:16:51,863 [ERROR] RealEvaluatedCondition:430 - Found unsupported composite condition: CLASS='Data Exchange' GROUP='STM32_MetaDataManager'
2023-05-26 14:16:51,863 [WARN] PackLoader:242 - Cannot read IP mode file for STMicroelectronics.FP-SNS-MOTENV1.4.3.0
2023-05-26 14:16:51,873 [WARN] PackLoader:242 - Cannot read IP mode file for STMicroelectronics.FP-SNS-FLIGHT1.5.0.0
2023-05-26 14:16:51,881 [ERROR] RealEvaluatedCondition:430 - Found unsupported composite condition: GROUP='STM32_MetaDataManager' CLASS='Data Exchange'
2023-05-26 14:16:51,881 [ERROR] RealEvaluatedCondition:430 - Found unsupported composite condition: GROUP='STM32_MetaDataManager' CLASS='Data Exchange'
2023-05-26 14:16:51,882 [WARN] PackLoader:242 - Cannot read IP mode file for STMicroelectronics.FP-SNS-MOTENV1.4.3.1
2023-05-26 14:16:51,893 [WARN] PackLoader:242 - Cannot read IP mode file for STMicroelectronics.FP-SNS-FLIGHT1.5.0.1
2023-05-26 14:16:51,905 [WARN] PackLoader:242 - Cannot read IP mode file for STMicroelectronics.X-CUBE-BLE1.6.2.4
2023-05-26 14:16:51,917 [WARN] PackLoader:242 - Cannot read IP mode file for emotas.I-CUBE-CANOPEN.1.1.3
2023-05-26 14:16:51,931 [WARN] PackLoader:242 - Cannot read IP mode file for STMicroelectronics.X-CUBE-BLEMGR.2.0.0
2023-05-26 14:16:51,941 [WARN] PackLoader:242 - Cannot read IP mode file for STMicroelectronics.X-CUBE-NFC4.2.0.5
2023-05-26 14:16:51,971 [WARN] ConditionMgr:437 - getConditionDescription Invalid condition id : UX DEVICE CLASS RTOS Condition cause : null
2023-05-26 14:16:51,972 [WARN] ConditionMgr:437 - getConditionDescription Invalid condition id : UX DEVICE CLASS RTOS Condition cause : null
2023-05-26 14:16:51,976 [WARN] PackLoader:242 - Cannot read IP mode file for STMicroelectronics.X-CUBE-AZRTOS-H7.3.1.0
2023-05-26 14:16:51,978 [WARN] ConditionMgr:1038 - genDependencies : Invalid condition id : UX DEVICE CLASS RTOS Condition cause : null
2023-05-26 14:16:51,978 [WARN] ConditionMgr:1038 - genDependencies : Invalid condition id : UX DEVICE CLASS RTOS Condition cause : null
2023-05-26 14:16:51,979 [WARN] ConditionMgr:1038 - genDependencies : Invalid condition id : UX DEVICE CLASS RTOS Condition cause : null
2023-05-26 14:16:51,983 [WARN] ConditionMgr:1038 - genDependencies : Invalid condition id : UX DEVICE CLASS RTOS Condition cause : null
2023-05-26 14:16:51,983 [WARN] ConditionMgr:1038 - genDependencies : Invalid condition id : UX DEVICE CLASS RTOS Condition cause : null
2023-05-26 14:16:52,006 [WARN] PackLoader:242 - Cannot read IP mode file for STMicroelectronics.X-CUBE-TOF1.3.1.0
2023-05-26 14:16:52,205 [WARN] PackLoader:242 - Cannot read IP mode file for STMicroelectronics.X-CUBE-DISPLAY.3.0.0
2023-05-26 14:16:52,218 [WARN] PackLoader:242 - Cannot read IP mode file for wolfSSL.I-CUBE-wolfSSL.5.5.4
2023-05-26 14:16:52,226 [WARN] PackLoader:242 - Cannot read IP mode file for STMicroelectronics.X-CUBE-NFC7.1.0.0
2023-05-26 14:16:52,236 [WARN] PackLoader:242 - Cannot read IP mode file for STMicroelectronics.X-CUBE-EEPRMA1.4.1.0
2023-05-26 14:16:52,254 [WARN] ConditionMgr:437 - getConditionDescription Invalid condition id : LAN8742 Phy interface Condition cause : null
2023-05-26 14:16:52,254 [WARN] PackLoader:242 - Cannot read IP mode file for STMicroelectronics.X-CUBE-AZRTOS-L4.2.0.0
2023-05-26 14:16:52,255 [WARN] ConditionMgr:1038 - genDependencies : Invalid condition id : LAN8742 Phy interface Condition cause : null
2023-05-26 14:16:52,255 [WARN] ConditionMgr:1038 - genDependencies : Invalid condition id : LAN8742 Phy interface Condition cause : null
2023-05-26 14:16:52,255 [WARN] ConditionMgr:1038 - genDependencies : Invalid condition id : LAN8742 Phy interface Condition cause : null
2023-05-26 14:16:52,269 [WARN] PackLoader:242 - Cannot read IP mode file for WES.I-CUBE-Cesium.1.3.0
2023-05-26 14:16:52,277 [WARN] PackLoader:242 - Cannot read IP mode file for STMicroelectronics.X-CUBE-SFXS2LP1.4.0.0
2023-05-26 14:16:52,285 [WARN] PackLoader:242 - Cannot read IP mode file for STMicroelectronics.X-CUBE-BLE2.3.3.0
2023-05-26 14:16:52,293 [WARN] PackLoader:242 - Cannot read IP mode file for STMicroelectronics.X-CUBE-DISPLAY.2.2.0
2023-05-26 14:16:52,308 [WARN] PackLoader:242 - Cannot read IP mode file for STMicroelectronics.X-CUBE-TOF1.3.2.0
2023-05-26 14:16:52,346 [WARN] PackLoader:242 - Cannot read IP mode file for STMicroelectronics.X-CUBE-AZRTOS-H7.3.0.0
2023-05-26 14:16:52,363 [WARN] PackLoader:242 - Cannot read IP mode file for STMicroelectronics.X-CUBE-ISPU.1.1.0
2023-05-26 14:16:52,380 [WARN] PackLoader:242 - Cannot read IP mode file for RoweBots.I-CUBE-UNISONRTOS.5.5.0-4
2023-05-26 14:16:52,393 [WARN] PackLoader:242 - Cannot read IP mode file for STMicroelectronics.X-CUBE-AI.8.0.0
2023-05-26 14:16:52,413 [WARN] PackLoader:242 - Cannot read IP mode file for STMicroelectronics.X-CUBE-FREERTOS.1.0.0
2023-05-26 14:16:52,423 [WARN] PackLoader:242 - Cannot read IP mode file for STMicroelectronics.X-CUBE-FREERTOS.1.0.1
2023-05-26 14:16:52,436 [WARN] PackLoader:242 - Cannot read IP mode file for STMicroelectronics.X-CUBE-TOUCHGFX.4.21.1
2023-05-26 14:16:52,444 [WARN] PackLoader:242 - Cannot read IP mode file for STMicroelectronics.X-CUBE-TOUCHGFX.4.21.0
2023-05-26 14:16:52,452 [WARN] PackLoader:242 - Cannot read IP mode file for STMicroelectronics.X-CUBE-TOUCHGFX.4.21.3
2023-05-26 14:16:52,459 [WARN] PackLoader:242 - Cannot read IP mode file for STMicroelectronics.X-CUBE-TOUCHGFX.4.21.4
2023-05-26 14:16:52,503 [WARN] PackLoader:242 - Cannot read IP mode file for STMicroelectronics.X-CUBE-MEMS1.9.4.0
2023-05-26 14:16:52,633 [WARN] PackLoader:242 - Cannot read IP mode file for STMicroelectronics.X-CUBE-AI.7.3.0
2023-05-26 14:16:52,656 [WARN] PackLoader:242 - Cannot read IP mode file for STMicroelectronics.X-CUBE-ALGOBUILD.1.3.0
2023-05-26 14:16:52,683 [WARN] PackLoader:242 - Cannot read IP mode file for STMicroelectronics.X-CUBE-AZRTOS-L5.1.1.0
2023-05-26 14:16:52,710 [WARN] PackLoader:242 - Cannot read IP mode file for STMicroelectronics.X-CUBE-AZRTOS-G0.1.1.0
2023-05-26 14:16:52,723 [WARN] PackLoader:242 - Cannot read IP mode file for STMicroelectronics.X-CUBE-AI.8.0.1
2023-05-26 14:16:52,740 [WARN] PackLoader:242 - Cannot read IP mode file for STMicroelectronics.X-CUBE-SUBG2.5.0.0
2023-05-26 14:16:52,752 [WARN] PackLoader:242 - Cannot read IP mode file for STMicroelectronics.X-CUBE-NFC4.3.0.0
2023-05-26 14:16:52,769 [WARN] PackLoader:242 - Cannot read IP mode file for STMicroelectronics.X-CUBE-AZRTOS-G4.2.0.0
2023-05-26 14:16:52,781 [WARN] PackLoader:242 - Cannot read IP mode file for STMicroelectronics.X-CUBE-TOF1.3.3.0
2023-05-26 14:16:52,793 [WARN] PackLoader:242 - Cannot read IP mode file for STMicroelectronics.FP-ATR-ASTRA1.1.1.1
2023-05-26 14:16:52,805 [WARN] PackLoader:242 - Cannot read IP mode file for STMicroelectronics.X-CUBE-BLEMGR.1.3.0
2023-05-26 14:16:52,818 [WARN] PackLoader:242 - Cannot read IP mode file for STMicroelectronics.X-CUBE-AZRTOS-G4.1.0.0
2023-05-26 14:16:52,825 [WARN] PackLoader:242 - Cannot read IP mode file for STMicroelectronics.FP-ATR-SIGFOX1.3.2.0
2023-05-26 14:16:52,840 [WARN] PackLoader:242 - Cannot read IP mode file for STMicroelectronics.X-CUBE-AZRTOS-L4.1.0.0
2023-05-26 14:16:52,860 [WARN] PackLoader:242 - Cannot read IP mode file for STMicroelectronics.X-CUBE-AZRTOS-WL.1.0.0
2023-05-26 14:16:52,872 [WARN] PackLoader:242 - Cannot read IP mode file for portGmbH.I-Cube-SoM-uGOAL.1.1.0
2023-05-26 14:16:52,882 [WARN] PackLoader:242 - Cannot read IP mode file for STMicroelectronics.X-CUBE-ALS.1.0.1
2023-05-26 14:16:52,938 [WARN] PackLoader:242 - Cannot read IP mode file for STMicroelectronics.X-CUBE-MEMS1.9.5.0
2023-05-26 14:16:53,056 [WARN] PackLoader:242 - Cannot read IP mode file for STMicroelectronics.X-CUBE-AZRTOS-WB.1.1.0
2023-05-26 14:16:53,080 [WARN] PackLoader:242 - Cannot read IP mode file for SEGGER.I-CUBE-embOS.1.3.1
2023-05-26 14:16:53,132 [WARN] PackLoader:242 - Cannot read IP mode file for SEGGER.I-CUBE-embOS.1.3.0
2023-05-26 14:16:53,180 [WARN] PackLoader:242 - Cannot read IP mode file for STMicroelectronics.FP-ATR-ASTRA1.2.0.0
2023-05-26 14:16:53,181 [INFO] ThirdParty:947 - Integrity check success = true
2023-05-26 14:16:53,181 [INFO] IntegrityCheckThread:98 - exiting critical section [integrity check]
2023-05-26 14:16:53,181 [INFO] IntegrityCheckThread:101 - End integrity checks thread
2023-05-26 14:16:53,181 [INFO] ThirdParty:847 - entering critical section [close project]
2023-05-26 14:16:53,183 [INFO] ThirdParty:857 - exiting critical section [close project]
2023-05-26 14:16:53,190 [INFO] PinOutPanel:1477 - setPackage(No Configuration,No Configuration)
2023-05-26 14:16:53,199 [INFO] UtilMem:74 - Begin LoadConfig() Used Memory: 386699552 Bytes (464519168)
2023-05-26 14:16:53,201 [INFO] MicroXplorer:451 - Change Database Path : 
2023-05-26 14:16:53,208 [INFO] MicroXplorer:481 - Change Database Version : DB.6.0.70
2023-05-26 14:16:53,208 [INFO] OpenFileManager:307 - Change cursor
2023-05-26 14:16:53,247 [INFO] Mcu:1925 - Initializing MCU STM32WB55RGVx STM32WB55RGVx STM32WB55RGV6
2023-05-26 14:16:54,355 [INFO] Context:654 - Trying to add GPIOservice into a context  which must be forbidden
2023-05-26 14:16:54,968 [INFO] RtosManager:489 - Registered RTOS mode: class=CMSIS, group=RTOS, mode=CMSIS_V1, owner=FREERTOS
2023-05-26 14:16:54,968 [INFO] RtosManager:489 - Registered RTOS mode: class=CMSIS, group=RTOS2, mode=CMSIS_V2, owner=FREERTOS
2023-05-26 14:16:54,968 [INFO] RtosManager:489 - Registered RTOS mode: class=RTOS, group=Core, mode=CMSIS_V1, owner=FREERTOS
2023-05-26 14:16:54,968 [INFO] RtosManager:489 - Registered RTOS mode: class=RTOS, group=Core, mode=CMSIS_V2, owner=FREERTOS
2023-05-26 14:16:54,968 [WARN] ModelIntegratedComponent:185 - Missing modes for component STMicroelectronics:FreeRTOS:0.0.1:STMicroelectronics:RTOS:FreeRTOS:Core:::10.2.0:
2023-05-26 14:16:54,986 [WARN] ModelIntegratedComponent:64 - No mode defined for component null
2023-05-26 14:16:54,986 [WARN] ModelIntegratedComponent:64 - No mode defined for component null
2023-05-26 14:16:54,987 [WARN] ModelIntegratedComponent:64 - No mode defined for component null
2023-05-26 14:16:54,987 [WARN] ModelIntegratedComponent:64 - No mode defined for component null
2023-05-26 14:16:54,987 [WARN] ModelIntegratedComponent:64 - No mode defined for component null
2023-05-26 14:16:54,987 [WARN] ModelIntegratedComponent:64 - No mode defined for component null
2023-05-26 14:16:54,987 [WARN] ModelIntegratedComponent:64 - No mode defined for component null
2023-05-26 14:16:54,987 [WARN] ModelIntegratedComponent:64 - No mode defined for component null
2023-05-26 14:16:54,988 [WARN] ModelIntegratedComponent:64 - No mode defined for component null
2023-05-26 14:16:54,988 [WARN] ModelIntegratedComponent:64 - No mode defined for component null
2023-05-26 14:16:54,988 [WARN] ModelIntegratedComponent:64 - No mode defined for component null
2023-05-26 14:16:54,988 [WARN] ModelIntegratedComponent:64 - No mode defined for component null
2023-05-26 14:16:54,988 [WARN] ModelIntegratedComponent:64 - No mode defined for component null
2023-05-26 14:16:54,988 [WARN] ModelIntegratedComponent:64 - No mode defined for component null
2023-05-26 14:16:54,988 [WARN] ModelIntegratedComponent:64 - No mode defined for component null
2023-05-26 14:16:54,988 [WARN] ModelIntegratedComponent:64 - No mode defined for component null
2023-05-26 14:16:54,988 [WARN] ModelIntegratedComponent:64 - No mode defined for component null
2023-05-26 14:16:54,988 [WARN] ModelIntegratedComponent:64 - No mode defined for component null
2023-05-26 14:16:54,988 [WARN] ModelIntegratedComponent:64 - No mode defined for component null
2023-05-26 14:16:54,988 [WARN] ModelIntegratedComponent:64 - No mode defined for component null
2023-05-26 14:16:54,988 [WARN] ModelIntegratedComponent:64 - No mode defined for component null
2023-05-26 14:16:54,989 [WARN] ModelIntegratedComponent:64 - No mode defined for component null
2023-05-26 14:16:54,989 [WARN] ModelIntegratedComponent:64 - No mode defined for component null
2023-05-26 14:16:54,989 [WARN] ModelIntegratedComponent:64 - No mode defined for component null
2023-05-26 14:16:54,989 [WARN] ModelIntegratedComponent:64 - No mode defined for component null
2023-05-26 14:16:54,990 [WARN] ModelIntegratedComponent:64 - No mode defined for component null
2023-05-26 14:16:54,990 [WARN] ModelIntegratedComponent:64 - No mode defined for component null
2023-05-26 14:16:54,990 [WARN] ModelIntegratedComponent:64 - No mode defined for component null
2023-05-26 14:16:54,990 [WARN] ModelIntegratedComponent:64 - No mode defined for component null
2023-05-26 14:16:54,990 [WARN] ModelIntegratedComponent:64 - No mode defined for component null
2023-05-26 14:16:54,990 [WARN] ModelIntegratedComponent:64 - No mode defined for component null
2023-05-26 14:16:54,990 [WARN] ModelIntegratedComponent:64 - No mode defined for component null
2023-05-26 14:16:54,990 [WARN] ModelIntegratedComponent:64 - No mode defined for component null
2023-05-26 14:16:55,083 [INFO] ThirdPartyModel:294 - Start build external matchings
2023-05-26 14:16:55,563 [INFO] ThirdPartyModel:310 - End build external matchings
2023-05-26 14:16:55,579 [INFO] ImportTextPane:193 - (OptionalMessage_ERROR) IP (RCC) : Invalid parameter (FamilyName)
2023-05-26 14:16:55,580 [INFO] ImportTextPane:193 - (OptionalMessage_ERROR) IP (RCC) : Invalid parameter (SMPSCLockSelectionVirtualVirtual)
2023-05-26 14:16:55,749 [INFO] UtilMem:74 - End LoadConfig() Used Memory: 412698360 Bytes (499122176)
2023-05-26 14:16:55,858 [INFO] ApiDb:580 - Connected to CubeFinder SQLite database (C:\Users\jules\.stmcufinder\plugins\mcufinder\mcu\cube-finder-db.db)
2023-05-26 14:16:55,928 [INFO] ApiDb:667 - CubeFinder database Data Model version=2.1
2023-05-26 14:16:55,928 [INFO] ApiDb:668 - CubeFinder database Configuration version=3.0.35
2023-05-26 14:16:55,928 [INFO] ApiDb:669 - CubeFinder database generation date=2023-05-12 (1683877179)
2023-05-26 14:16:55,928 [INFO] ApiDb:670 - CubeFinder database FW Pack versions=[FP-ATR-ASTRA1_V2.0.0, FP-SNS-FLIGHT1_V5.0.0, FP-SNS-MOTENV1_V4.3.0, STM32Cube_FW_C0_V1.0.1, STM32Cube_FW_F0_V1.11.4, STM32Cube_FW_F3_V1.11.4, STM32Cube_FW_F4_V1.27.1, STM32Cube_FW_F7_V1.17.0, STM32Cube_FW_G0_V1.6.1, STM32Cube_FW_G4_V1.5.1, STM32Cube_FW_H5_V0.5.1, STM32Cube_FW_H5_V1.0.0, STM32Cube_FW_H7_V1.11.0, STM32Cube_FW_L0_V1.12.2, STM32Cube_FW_L5_V1.5.0, STM32Cube_FW_U5_V1.2.0, STM32Cube_FW_WBA_V1.0.0, STM32Cube_FW_WBA_V1.0.0RC1, STM32Cube_FW_WBA_V1.0.0RC3, STM32Cube_FW_WB_V1.15.0RC1, STM32Cube_FW_WB_V1.16.0, STM32Cube_FW_WB_V1.16.0RC2, STM32Cube_FW_WL_V1.3.0, X-CUBE-ALGOBUILD_V1.3.0, X-CUBE-ALS_V1.0.1, X-CUBE-AZRTOS-F4_V1.1.0, X-CUBE-AZRTOS-F7_V1.1.0, X-CUBE-AZRTOS-G0_V1.1.0, X-CUBE-AZRTOS-G4_V2.0.0, X-CUBE-AZRTOS-H7_V3.1.0, X-CUBE-AZRTOS-L4_V1.0.0, X-CUBE-AZRTOS-L5_V1.1.0, X-CUBE-AZRTOS-WB_V1.1.0, X-CUBE-AZRTOS-WL_V1.0.0, X-CUBE-BLE1_V6.2.4, X-CUBE-BLE2_V3.3.0, X-CUBE-BLEMGR_V2.0.0, X-CUBE-EEPRMA1_V4.1.0, X-CUBE-FREERTOS_V1.0.1, X-CUBE-GNSS1_V6.0.0, X-CUBE-MEMS1_V9.1.0, X-CUBE-MEMS1_V9.4.0, X-CUBE-MEMS1_V9.6.0, X-CUBE-NFC4_V3.0.0, X-CUBE-NFC7_V1.0.0, X-CUBE-SFXS2LP1_V4.0.0, X-CUBE-SUBG2_V5.0.0]
2023-05-26 14:16:57,632 [INFO] ApiDb:239 - Found 143 in-development CPN: [B-WB1M-WPAN1, B-WL5M-SUBG1, NUCLEO-C031C6, STEVAL-PROTEUS1, STEVAL-STWINBX1, STM320518-EVAL, STM32C0116-DK, STM32C011D6Y3TR, STM32C011D6Y6TR, STM32C011F4P3, STM32C011F4P6, STM32C011F4U3, STM32C011F4U6TR, STM32C011F6P3, STM32C011F6P6, STM32C011F6U3, STM32C011F6U6TR, STM32C011J4M3, STM32C011J4M6, STM32C011J6M3, STM32C011J6M6, STM32C0316-DK, STM32C031C4T3, STM32C031C4T6, STM32C031C4U3, STM32C031C4U6, STM32C031C6T3, STM32C031C6T6, STM32C031C6U3, STM32C031C6U6, STM32C031F4P3, STM32C031F4P6, STM32C031F6P3, STM32C031F6P6, STM32C031G4U3, STM32C031G4U6, STM32C031G6U3, STM32C031G6U6, STM32C031K4T3, STM32C031K4T6, STM32C031K4U3, STM32C031K4U6, STM32C031K6T3, STM32C031K6T6, STM32C031K6U3, STM32C031K6U6, STM32G071K8TXN, STM32G071K8UXN, STM32G081GBU6N, STM32G081KBT6N, STM32G081KBUXN, STM32G0B1CCT6N, STM32G0B1KCT6, STM32G0B1NEY6TR, STM32G0B1RCT6N, STM32G0C1CCT6, STM32G0C1CCT6N, STM32G0C1CCU6N, STM32G0C1CET6N, STM32G0C1CEU6N, STM32G0C1KCT6, STM32G0C1NEY6TR, STM32G0C1RCI6N, STM32G0C1RCT6N, STM32G0C1REI6N, STM32G0C1RET6N, STM32G0C1VCI6, STM32G0C1VEI6, STM32G471CCT6, STM32G471CCU6, STM32G471CET3, STM32G471CET6, STM32G471CEU3, STM32G471CEU6, STM32G471MCT6, STM32G471MET3, STM32G471MET6, STM32G471MEY6TR, STM32G471QCT6, STM32G471QET3, STM32G471RCT6, STM32G471RET3, STM32G471RET6, STM32G471VCH6, STM32G471VCI6, STM32G471VCT6, STM32G471VEH3, STM32G471VEH6, STM32G471VEI3, STM32G471VEI6, STM32G471VET3, STM32G471VET6, STM32G474CCT6, STM32L476VGY6PTR, STM32L4R5QGI6STR, STM32MP131AAE3, STM32MP131AAF3, STM32MP131AAG3, STM32MP131CAE3, STM32MP131CAF3, STM32MP131CAG3, STM32MP131DAE7, STM32MP131DAF7, STM32MP131DAG7, STM32MP131FAE7, STM32MP131FAF7, STM32MP131FAG7, STM32MP133AAE3, STM32MP133AAF3, STM32MP133AAG3, STM32MP133CAE3, STM32MP133CAF3, STM32MP133CAG3, STM32MP133DAE7, STM32MP133DAF7, STM32MP133DAG7, STM32MP133FAE7, STM32MP133FAF7, STM32MP133FAG7, STM32MP135AAE3, STM32MP135AAF3, STM32MP135AAG3, STM32MP135CAE3, STM32MP135CAF3, STM32MP135CAG3, STM32MP135DAE7, STM32MP135DAF7, STM32MP135DAG7, STM32MP135F-DK, STM32MP135FAE7, STM32MP135FAF7, STM32MP135FAF7T, STM32MP135FAF7U, STM32MP135FAG7, STM32U595ZJT6Q, STM32U599BJY6QTR, STM32U599NIH6Q, STM32U599NJH6Q, STM32U5A5ZJT6Q, STM32U5A9BJY6QTR, STM32U5A9NJH6Q, STM32WB1MMCH6, STM32WL5MOCH6TR]
2023-05-26 14:16:57,636 [INFO] DbMcus:215 - Found 3680 MCUs, 3680 are supported
2023-05-26 14:16:57,639 [INFO] ApiDb:422 - Load user favorites file C:\Users\jules/.stm32cubeide/favorites.mcus.txt: 0 item(s)
2023-05-26 14:16:57,639 [INFO] ApiDb:426 - User favorites MCUs=[]
2023-05-26 14:16:57,639 [INFO] DbMcus:221 - Set 0 / 0 favorites MCUs
2023-05-26 14:16:57,918 [WARN] ThirdParty:807 - waiting for thirdparty lock release [change project]
2023-05-26 14:16:57,919 [INFO] ThirdParty:809 - entering critical section [change project]
2023-05-26 14:16:57,919 [INFO] ThirdParty:999 - CMSIS Pack Vendor :STMicroelectronics X-CUBE-ISPU 1.1.0
2023-05-26 14:16:57,920 [INFO] ThirdParty:999 - CMSIS Pack Vendor :RoweBots I-CUBE-UNISONRTOS 5.5.0-4
2023-05-26 14:16:57,920 [INFO] ThirdParty:999 - CMSIS Pack Vendor :STMicroelectronics X-CUBE-GNSS1 6.0.0
2023-05-26 14:16:57,920 [INFO] ThirdParty:999 - CMSIS Pack Vendor :STMicroelectronics USB_HOST 2.0.0
2023-05-26 14:16:57,920 [INFO] ThirdParty:999 - CMSIS Pack Vendor :STMicroelectronics X-CUBE-AZRTOS-F4 1.1.0
2023-05-26 14:16:57,920 [INFO] ThirdParty:999 - CMSIS Pack Vendor :STMicroelectronics LIBJPEG 8.0.0
2023-05-26 14:16:57,920 [INFO] ThirdParty:999 - CMSIS Pack Vendor :STMicroelectronics X-CUBE-SMBUS 2.1.0
2023-05-26 14:16:57,920 [INFO] ThirdParty:999 - CMSIS Pack Vendor :STMicroelectronics USB_DEVICE 3.0.0
2023-05-26 14:16:57,921 [INFO] ThirdParty:999 - CMSIS Pack Vendor :STMicroelectronics X-CUBE-AI 8.0.0
2023-05-26 14:16:57,921 [INFO] ThirdParty:999 - CMSIS Pack Vendor :STMicroelectronics X-CUBE-FREERTOS 1.0.0
2023-05-26 14:16:57,921 [INFO] ThirdParty:999 - CMSIS Pack Vendor :STMicroelectronics X-CUBE-FREERTOS 1.0.1
2023-05-26 14:16:57,921 [INFO] ThirdParty:999 - CMSIS Pack Vendor :STMicroelectronics X-CUBE-TOUCHGFX 4.21.1
2023-05-26 14:16:57,921 [INFO] ThirdParty:999 - CMSIS Pack Vendor :STMicroelectronics X-CUBE-TOUCHGFX 4.21.0
2023-05-26 14:16:57,922 [INFO] ThirdParty:999 - CMSIS Pack Vendor :STMicroelectronics X-CUBE-TOUCHGFX 4.21.3
2023-05-26 14:16:57,922 [INFO] ThirdParty:999 - CMSIS Pack Vendor :STMicroelectronics X-CUBE-AZRTOS-F7 1.1.0
2023-05-26 14:16:57,922 [INFO] ThirdParty:999 - CMSIS Pack Vendor :STMicroelectronics X-CUBE-TOUCHGFX 4.21.4
2023-05-26 14:16:57,922 [INFO] ThirdParty:999 - CMSIS Pack Vendor :STMicroelectronics X-CUBE-MEMS1 9.4.0
2023-05-26 14:16:57,922 [INFO] ThirdParty:999 - CMSIS Pack Vendor :STMicroelectronics USB_DEVICE 2.0.0
2023-05-26 14:16:57,922 [INFO] ThirdParty:999 - CMSIS Pack Vendor :STMicroelectronics X-CUBE-MEMS1 9.6.0
2023-05-26 14:16:57,923 [INFO] ThirdParty:999 - CMSIS Pack Vendor :STMicroelectronics X-CUBE-AI 7.3.0
2023-05-26 14:16:57,923 [INFO] ThirdParty:999 - CMSIS Pack Vendor :STMicroelectronics FP-SNS-MOTENV1 4.3.0
2023-05-26 14:16:57,923 [INFO] ThirdParty:999 - CMSIS Pack Vendor :STMicroelectronics FP-SNS-FLIGHT1 5.0.0
2023-05-26 14:16:57,923 [INFO] ThirdParty:999 - CMSIS Pack Vendor :STMicroelectronics FP-SNS-MOTENV1 4.3.1
2023-05-26 14:16:57,924 [INFO] ThirdParty:999 - CMSIS Pack Vendor :STMicroelectronics FP-SNS-FLIGHT1 5.0.1
2023-05-26 14:16:57,924 [INFO] ThirdParty:999 - CMSIS Pack Vendor :STMicroelectronics X-CUBE-ALGOBUILD 1.3.0
2023-05-26 14:16:57,924 [INFO] ThirdParty:999 - CMSIS Pack Vendor :STMicroelectronics X-CUBE-BLE1 6.2.4
2023-05-26 14:16:57,924 [INFO] ThirdParty:999 - CMSIS Pack Vendor :STMicroelectronics X-CUBE-AZRTOS-L5 1.1.0
2023-05-26 14:16:57,924 [INFO] ThirdParty:999 - CMSIS Pack Vendor :STMicroelectronics FreeRTOS 0.0.1
2023-05-26 14:16:57,924 [INFO] ThirdParty:999 - CMSIS Pack Vendor :emotas I-CUBE-CANOPEN 1.1.3
2023-05-26 14:16:57,925 [INFO] ThirdParty:999 - CMSIS Pack Vendor :STMicroelectronics X-CUBE-AZRTOS-G0 1.1.0
2023-05-26 14:16:57,925 [INFO] ThirdParty:999 - CMSIS Pack Vendor :STMicroelectronics X-CUBE-BLEMGR 2.0.0
2023-05-26 14:16:57,925 [INFO] ThirdParty:999 - CMSIS Pack Vendor :STMicroelectronics X-CUBE-AI 8.0.1
2023-05-26 14:16:57,925 [INFO] ThirdParty:999 - CMSIS Pack Vendor :STMicroelectronics X-CUBE-SUBG2 5.0.0
2023-05-26 14:16:57,925 [INFO] ThirdParty:999 - CMSIS Pack Vendor :STMicroelectronics X-CUBE-NFC4 3.0.0
2023-05-26 14:16:57,926 [INFO] ThirdParty:999 - CMSIS Pack Vendor :STMicroelectronics STM32_WPAN 1.0.0
2023-05-26 14:16:57,926 [INFO] ThirdParty:999 - CMSIS Pack Vendor :STMicroelectronics lwIP 2.0.3
2023-05-26 14:16:57,926 [INFO] ThirdParty:999 - CMSIS Pack Vendor :STMicroelectronics X-CUBE-NFC4 2.0.5
2023-05-26 14:16:57,926 [INFO] ThirdParty:999 - CMSIS Pack Vendor :STMicroelectronics USB_HOST 1.0.0
2023-05-26 14:16:57,926 [INFO] ThirdParty:999 - CMSIS Pack Vendor :STMicroelectronics X-CUBE-AZRTOS-G4 2.0.0
2023-05-26 14:16:57,927 [INFO] ThirdParty:999 - CMSIS Pack Vendor :STMicroelectronics PDM2PCM 3.1.0
2023-05-26 14:16:57,927 [INFO] ThirdParty:999 - CMSIS Pack Vendor :STMicroelectronics X-CUBE-AZRTOS-H7 3.1.0
2023-05-26 14:16:57,927 [INFO] ThirdParty:999 - CMSIS Pack Vendor :STMicroelectronics X-CUBE-TOF1 3.3.0
2023-05-26 14:16:57,927 [INFO] ThirdParty:999 - CMSIS Pack Vendor :STMicroelectronics FP-ATR-ASTRA1 1.1.1
2023-05-26 14:16:57,927 [INFO] ThirdParty:999 - CMSIS Pack Vendor :STMicroelectronics PDM2PCM 3.3.0
2023-05-26 14:16:57,928 [INFO] ThirdParty:999 - CMSIS Pack Vendor :STMicroelectronics X-CUBE-TOF1 3.1.0
2023-05-26 14:16:57,928 [INFO] ThirdParty:999 - CMSIS Pack Vendor :STMicroelectronics X-CUBE-DISPLAY 3.0.0
2023-05-26 14:16:57,928 [INFO] ThirdParty:999 - CMSIS Pack Vendor :STMicroelectronics X-CUBE-BLEMGR 1.3.0
2023-05-26 14:16:57,928 [INFO] ThirdParty:999 - CMSIS Pack Vendor :STMicroelectronics X-CUBE-AZRTOS-G4 1.0.0
2023-05-26 14:16:57,928 [INFO] ThirdParty:999 - CMSIS Pack Vendor :STMicroelectronics FP-ATR-SIGFOX1 3.2.0
2023-05-26 14:16:57,928 [INFO] ThirdParty:999 - CMSIS Pack Vendor :wolfSSL I-CUBE-wolfSSL 5.5.4
2023-05-26 14:16:57,929 [INFO] ThirdParty:999 - CMSIS Pack Vendor :STMicroelectronics X-CUBE-AZRTOS-L4 1.0.0
2023-05-26 14:16:57,929 [INFO] ThirdParty:999 - CMSIS Pack Vendor :STMicroelectronics HAL Drivers 0.0.0
2023-05-26 14:16:57,929 [INFO] ThirdParty:999 - CMSIS Pack Vendor :STMicroelectronics MBEDTLS 2.16.2
2023-05-26 14:16:57,929 [INFO] ThirdParty:999 - CMSIS Pack Vendor :STMicroelectronics MBEDTLS 2.14.1
2023-05-26 14:16:57,929 [INFO] ThirdParty:999 - CMSIS Pack Vendor :STMicroelectronics X-CUBE-NFC7 1.0.0
2023-05-26 14:16:57,929 [INFO] ThirdParty:999 - CMSIS Pack Vendor :STMicroelectronics X-CUBE-AZRTOS-WL 1.0.0
2023-05-26 14:16:57,930 [INFO] ThirdParty:999 - CMSIS Pack Vendor :STMicroelectronics X-CUBE-EEPRMA1 4.1.0
2023-05-26 14:16:57,930 [INFO] ThirdParty:999 - CMSIS Pack Vendor :portGmbH I-Cube-SoM-uGOAL 1.1.0
2023-05-26 14:16:57,930 [INFO] ThirdParty:999 - CMSIS Pack Vendor :STMicroelectronics X-CUBE-ALS 1.0.1
2023-05-26 14:16:57,930 [INFO] ThirdParty:999 - CMSIS Pack Vendor :STMicroelectronics X-CUBE-MEMS1 9.5.0
2023-05-26 14:16:57,930 [INFO] ThirdParty:999 - CMSIS Pack Vendor :STMicroelectronics ThreadX 1.0.0
2023-05-26 14:16:57,930 [INFO] ThirdParty:999 - CMSIS Pack Vendor :STMicroelectronics X-CUBE-AZRTOS-WB 1.1.0
2023-05-26 14:16:57,930 [INFO] ThirdParty:999 - CMSIS Pack Vendor :SEGGER I-CUBE-embOS 1.3.1
2023-05-26 14:16:57,930 [INFO] ThirdParty:999 - CMSIS Pack Vendor :STMicroelectronics USB_DEVICE 1.0.0
2023-05-26 14:16:57,931 [INFO] ThirdParty:999 - CMSIS Pack Vendor :SEGGER I-CUBE-embOS 1.3.0
2023-05-26 14:16:57,931 [INFO] ThirdParty:999 - CMSIS Pack Vendor :STMicroelectronics X-CUBE-AZRTOS-L4 2.0.0
2023-05-26 14:16:57,931 [INFO] ThirdParty:999 - CMSIS Pack Vendor :STMicroelectronics ThreadX 0.0.2
2023-05-26 14:16:57,931 [INFO] ThirdParty:999 - CMSIS Pack Vendor :WES I-CUBE-Cesium 1.3.0
2023-05-26 14:16:57,931 [INFO] ThirdParty:999 - CMSIS Pack Vendor :STMicroelectronics FP-ATR-ASTRA1 2.0.0
2023-05-26 14:16:57,932 [INFO] ThirdParty:999 - CMSIS Pack Vendor :STMicroelectronics lwIP 2.1.2
2023-05-26 14:16:57,932 [INFO] ThirdParty:999 - CMSIS Pack Vendor :STMicroelectronics X-CUBE-SFXS2LP1 4.0.0
2023-05-26 14:16:57,932 [INFO] ThirdParty:999 - CMSIS Pack Vendor :STMicroelectronics X-CUBE-BLE2 3.3.0
2023-05-26 14:16:57,932 [INFO] ThirdParty:999 - CMSIS Pack Vendor :STMicroelectronics X-CUBE-DISPLAY 2.2.0
2023-05-26 14:16:57,933 [INFO] ThirdParty:999 - CMSIS Pack Vendor :STMicroelectronics X-CUBE-TOF1 3.2.0
2023-05-26 14:16:57,933 [INFO] ThirdParty:999 - CMSIS Pack Vendor :STMicroelectronics PDM2PCM 3.2.0
2023-05-26 14:16:57,933 [INFO] ThirdParty:999 - CMSIS Pack Vendor :STMicroelectronics X-CUBE-AZRTOS-H7 3.0.0
2023-05-26 14:16:57,933 [INFO] ThirdParty:815 - exiting critical section [change project]
2023-05-26 14:16:58,393 [INFO] PinOutPanel:1477 - setPackage(No Configuration,No Configuration)
2023-05-26 14:16:58,395 [INFO] PinOutPanel:1477 - setPackage(STM32WB55RGVx,VFQFPN68)
2023-05-26 14:16:59,131 [INFO] UtilMem:74 - Before build in PCC Used Memory: 493420888 Bytes (511705088)
2023-05-26 14:17:00,335 [INFO] UtilMem:74 - After build in PCC Used Memory: 502228168 Bytes (545259520)
2023-05-26 14:17:00,377 [INFO] IPUIPlugin:79 - create IPUIPlugin
2023-05-26 14:17:00,377 [INFO] IPUIPlugin:79 - create IPUIPlugin
2023-05-26 14:17:00,377 [INFO] IPUIPlugin:79 - create IPUIPlugin
2023-05-26 14:17:00,377 [INFO] IPUIPlugin:79 - create IPUIPlugin
2023-05-26 14:17:00,377 [INFO] IPUIPlugin:79 - create IPUIPlugin
2023-05-26 14:17:00,378 [INFO] IPUIPlugin:79 - create IPUIPlugin
2023-05-26 14:17:00,378 [INFO] IPUIPlugin:79 - create IPUIPlugin
2023-05-26 14:17:00,378 [INFO] IPUIPlugin:79 - create IPUIPlugin
2023-05-26 14:17:00,378 [INFO] IPUIPlugin:79 - create IPUIPlugin
2023-05-26 14:17:00,378 [INFO] IPUIPlugin:79 - create IPUIPlugin
2023-05-26 14:17:00,378 [INFO] IPUIPlugin:79 - create IPUIPlugin
2023-05-26 14:17:00,378 [INFO] IPUIPlugin:79 - create IPUIPlugin
2023-05-26 14:17:00,379 [INFO] IPUIPlugin:79 - create IPUIPlugin
2023-05-26 14:17:00,379 [INFO] IPUIPlugin:79 - create IPUIPlugin
2023-05-26 14:17:00,379 [INFO] IPUIPlugin:79 - create IPUIPlugin
2023-05-26 14:17:00,380 [INFO] IPUIPlugin:79 - create IPUIPlugin
2023-05-26 14:17:00,380 [INFO] IPUIPlugin:79 - create IPUIPlugin
2023-05-26 14:17:00,380 [INFO] IPUIPlugin:79 - create IPUIPlugin
2023-05-26 14:17:00,380 [INFO] IPUIPlugin:79 - create IPUIPlugin
2023-05-26 14:17:00,381 [INFO] IPUIPlugin:79 - create IPUIPlugin
2023-05-26 14:17:00,381 [INFO] IPUIPlugin:79 - create IPUIPlugin
2023-05-26 14:17:00,381 [INFO] IPUIPlugin:79 - create IPUIPlugin
2023-05-26 14:17:00,382 [INFO] IPUIPlugin:79 - create IPUIPlugin
2023-05-26 14:17:00,382 [INFO] IPUIPlugin:79 - create IPUIPlugin
2023-05-26 14:17:00,382 [INFO] IPUIPlugin:79 - create IPUIPlugin
2023-05-26 14:17:00,382 [INFO] IPUIPlugin:79 - create IPUIPlugin
2023-05-26 14:17:00,382 [INFO] IPUIPlugin:79 - create IPUIPlugin
2023-05-26 14:17:00,383 [INFO] IPUIPlugin:79 - create IPUIPlugin
2023-05-26 14:17:00,383 [INFO] IPUIPlugin:79 - create IPUIPlugin
2023-05-26 14:17:00,383 [INFO] IPUIPlugin:79 - create IPUIPlugin
2023-05-26 14:17:00,383 [INFO] IPUIPlugin:79 - create IPUIPlugin
2023-05-26 14:17:00,383 [INFO] IPUIPlugin:79 - create IPUIPlugin
2023-05-26 14:17:00,384 [INFO] IPUIPlugin:79 - create IPUIPlugin
2023-05-26 14:17:00,384 [INFO] IPUIPlugin:79 - create IPUIPlugin
2023-05-26 14:17:00,384 [INFO] IPUIPlugin:79 - create IPUIPlugin
2023-05-26 14:17:00,384 [INFO] IPUIPlugin:79 - create IPUIPlugin
2023-05-26 14:17:00,385 [INFO] IPUIPlugin:79 - create IPUIPlugin
2023-05-26 14:17:00,385 [INFO] IPUIPlugin:79 - create IPUIPlugin
2023-05-26 14:17:00,386 [INFO] IPUIPlugin:79 - create IPUIPlugin
2023-05-26 14:17:00,386 [INFO] IPUIPlugin:79 - create IPUIPlugin
2023-05-26 14:17:00,386 [INFO] IPUIPlugin:79 - create IPUIPlugin
2023-05-26 14:17:00,386 [INFO] IPUIPlugin:79 - create IPUIPlugin
2023-05-26 14:17:00,386 [INFO] IPUIPlugin:79 - create IPUIPlugin
2023-05-26 14:17:00,388 [INFO] IPUIPlugin:79 - create IPUIPlugin
2023-05-26 14:17:00,546 [INFO] ApiDbMcu:505 - Load IP Config File for STM32_WPAN
2023-05-26 14:17:00,836 [INFO] CADModel:164 - CPN selected for project levelSTM32WB55RGV6
2023-05-26 14:17:00,836 [INFO] CADModel:113 - Register for checkConnection events
2023-05-26 14:17:00,893 [INFO] OpenFileManager:327 - Restore cursor
2023-05-26 14:17:57,107 [INFO] NvicIntPanel:100 - NVIC parent = com.st.microxplorer.plugins.ip.nvic.MultiNvicIntPanel[,0,0,0x0,invalid,layout=javax.swing.BoxLayout,alignmentX=0.0,alignmentY=0.0,border=,flags=9,maximumSize=,minimumSize=,preferredSize=]
2023-05-26 14:18:48,062 [INFO] NvicIntPanel:100 - NVIC parent = com.st.microxplorer.plugins.ip.nvic.MultiNvicIntPanel[,0,0,598x390,layout=javax.swing.BoxLayout,alignmentX=0.0,alignmentY=0.0,border=,flags=9,maximumSize=,minimumSize=,preferredSize=]
2023-05-26 14:32:14,351 [INFO] JxBrowserEngine:114 - Initiate JxBrowser Engine with user profile folder
2023-05-26 14:32:16,813 [INFO] WebAppUi:459 - Close the Jxbrowser engine manually
2023-05-26 14:32:16,828 [INFO] WebAppUi:462 - Profiles folder deleted
2023-05-26 14:32:17,068 [ERROR] LogOutputStream:74 - [STDERR_REDIRECT] 
